<?xml version="1.0" encoding="UTF-8"?>
<!-- Generated by org.testng.reporters.JUnitReportReporter -->
<testsuite hostname="LAPTOP-T3A7SUOT" failures="0" tests="1" name="test.TestGuruLogin" time="5.553" errors="0" timestamp="2021-06-18T21:10:40 IST" skipped="0">
  <testcase classname="test.TestGuruLogin" name="testHomePageAppearCorrect" time="5.553"/>
  <system-out/>
</testsuite> <!-- test.TestGuruLogin -->
