<?xml version="1.0" encoding="UTF-8"?>
<!-- Generated by org.testng.reporters.JUnitReportReporter -->
<testsuite hostname="LAPTOP-T3A7SUOT" failures="0" tests="1" name="test.TestGuruLoginWIthPageFactory" time="5.824" errors="0" timestamp="2021-06-18T21:15:50 IST" skipped="0">
  <testcase classname="test.TestGuruLoginWIthPageFactory" name="testHomePageAPpearCorrect" time="5.824"/>
  <system-out/>
</testsuite> <!-- test.TestGuruLoginWIthPageFactory -->
